<?xml version="1.0" encoding="UTF-8"?>
<testng-results ignored="0" total="1" passed="1" failed="0" skipped="0">
  <reporter-output>
  </reporter-output>
  <suite started-at="2023-10-30T12:27:58 IST" name="Suite" finished-at="2023-10-30T12:29:25 IST" duration-ms="86552">
    <groups>
    </groups>
    <test started-at="2023-10-30T12:27:58 IST" name="Test" finished-at="2023-10-30T12:29:25 IST" duration-ms="86552">
      <class name="com.application.test.CallRecordsTest">
        <test-method is-config="true" signature="setupReport()[pri:0, instance:com.application.test.CallRecordsTest@793f29ff]" started-at="2023-10-30T12:27:58 IST" name="setupReport" finished-at="2023-10-30T12:27:58 IST" duration-ms="168" status="PASS">
          <reporter-output>
          </reporter-output>
        </test-method> <!-- setupReport -->
        <test-method is-config="true" signature="setupBrowser(java.lang.String)[pri:0, instance:com.application.test.CallRecordsTest@793f29ff]" started-at="2023-10-30T12:27:58 IST" name="setupBrowser" finished-at="2023-10-30T12:28:02 IST" duration-ms="3134" status="PASS">
          <params>
            <param index="0">
              <value>
                <![CDATA[chrome]]>
              </value>
            </param>
          </params>
          <reporter-output>
          </reporter-output>
        </test-method> <!-- setupBrowser -->
        <test-method signature="verifyCallRecordFuntionality(java.lang.String,java.lang.String)[pri:1, instance:com.application.test.CallRecordsTest@793f29ff]" started-at="2023-10-30T12:28:02 IST" name="verifyCallRecordFuntionality" data-provider="callRecorddata" finished-at="2023-10-30T12:29:24 IST" duration-ms="82614" status="PASS">
          <params>
            <param index="0">
              <value>
                <![CDATA[acc-test]]>
              </value>
            </param>
            <param index="1">
              <value>
                <![CDATA[ExportFile20230826.csv]]>
              </value>
            </param>
          </params>
          <reporter-output>
          </reporter-output>
        </test-method> <!-- verifyCallRecordFuntionality -->
        <test-method is-config="true" signature="teardownBrowser()[pri:0, instance:com.application.test.CallRecordsTest@793f29ff]" started-at="2023-10-30T12:29:24 IST" name="teardownBrowser" finished-at="2023-10-30T12:29:25 IST" duration-ms="302" status="PASS">
          <reporter-output>
          </reporter-output>
        </test-method> <!-- teardownBrowser -->
        <test-method is-config="true" signature="teardownReport()[pri:0, instance:com.application.test.CallRecordsTest@793f29ff]" started-at="2023-10-30T12:29:25 IST" name="teardownReport" finished-at="2023-10-30T12:29:25 IST" duration-ms="231" status="PASS">
          <reporter-output>
          </reporter-output>
        </test-method> <!-- teardownReport -->
      </class> <!-- com.application.test.CallRecordsTest -->
    </test> <!-- Test -->
  </suite> <!-- Suite -->
</testng-results>
